Change Component Footprint: Designator=TP21 Old Footprint=Test_Point New Footprint=TEST_POINT_CONN
Change Component Footprint: Designator=TP22 Old Footprint=Test_Point New Footprint=TEST_POINT_CONN
Change Component Footprint: Designator=L3 Old Footprint=WE-PD2-L New Footprint=WE-PD2-L
Added Component: Designator=TP24(TEST_POINT_CONN)
Added Component: Designator=TP25(TEST_POINT_CONN)
Added Component: Designator=X1(XT60-F AMASS)
Add component (AddParameter): Name = "ComponentDescription"; Value = "Ðàçú¸ì, XT60-F"; VariantName = "[No Variations]"
Add component (AddParameter): Name = "ComponentTypå"; Value = "Ðàçú¸ì"; VariantName = "[No Variations]"
Added Pin To Net: NetName=NetBAT1_1 Pin=TP24-1
Added Pin To Net: NetName=NetBAT2_1 Pin=TP25-1
Added Pin To Net: NetName=NetBAT3_1 Pin=X1-1
Added Pin To Net: NetName=NetBAT1_2 Pin=X1-2
Added Member To Class: ClassName=Logger Member=Component C? TAJR225K016RNJ
Added Member To Class: ClassName=Logger Member=Component C? TAJR225K016RNJ
Added Member To Class: ClassName=Logger Member=Component C? 2.2uF
Added Member To Class: ClassName=Logger Member=Component C? 470pF
Added Member To Class: ClassName=Logger Member=Component R? 22
Added Member To Class: ClassName=Logger Member=Component R? 22
Added Member To Class: ClassName=Logger Member=Component R? 22
Added Member To Class: ClassName=Logger Member=Component R? 22
Added Member To Class: ClassName=Batarey Member=Component TP24 Test_Point_PCB
Added Member To Class: ClassName=Batarey Member=Component TP25 Test_Point_PCB
Added Member To Class: ClassName=Batarey Member=Component X1 XT60-F
