Change Component Designator: OldDesignator=B? NewDesignator=B1
Change Component Designator: OldDesignator=B? NewDesignator=B2
Change Component Designator: OldDesignator=BUZ? NewDesignator=BUZ1
Change Component Designator: OldDesignator=C? NewDesignator=C1
Change Component Designator: OldDesignator=C? NewDesignator=C2
Change Component Designator: OldDesignator=C? NewDesignator=C3
Change Component Designator: OldDesignator=C? NewDesignator=C4
Change Component Designator: OldDesignator=C? NewDesignator=C5
Change Component Designator: OldDesignator=D? NewDesignator=D1
Change Component Designator: OldDesignator=D? NewDesignator=D2
Change Component Designator: OldDesignator=J? NewDesignator=J1
Change Component Designator: OldDesignator=J? NewDesignator=J2
Change Component Designator: OldDesignator=LCD? NewDesignator=LCD1
Change Component Designator: OldDesignator=LED? NewDesignator=LED1
Change Component Designator: OldDesignator=P? NewDesignator=P1
Change Component Designator: OldDesignator=P? NewDesignator=P2
Change Component Designator: OldDesignator=Q? NewDesignator=Q1
Change Component Designator: OldDesignator=Q? NewDesignator=Q2
Change Component Designator: OldDesignator=Q? NewDesignator=Q3
Change Component Designator: OldDesignator=Q? NewDesignator=Q4
Change Component Designator: OldDesignator=Q? NewDesignator=Q5
Change Component Designator: OldDesignator=Q? NewDesignator=Q6
Change Component Designator: OldDesignator=Q? NewDesignator=Q7
Change Component Designator: OldDesignator=Q? NewDesignator=Q8
Change Component Designator: OldDesignator=Q? NewDesignator=Q9
Change Component Designator: OldDesignator=Q? NewDesignator=Q10
Change Component Designator: OldDesignator=Q? NewDesignator=Q11
Change Component Designator: OldDesignator=R? NewDesignator=R1
Change Component Designator: OldDesignator=R? NewDesignator=R3
Change Component Designator: OldDesignator=R? NewDesignator=R4
Change Component Designator: OldDesignator=R? NewDesignator=R5
Change Component Designator: OldDesignator=R? NewDesignator=R6
Change Component Designator: OldDesignator=R? NewDesignator=R7
Change Component Designator: OldDesignator=R? NewDesignator=R8
Change Component Designator: OldDesignator=R? NewDesignator=R9
Change Component Designator: OldDesignator=R? NewDesignator=R10
Change Component Designator: OldDesignator=R? NewDesignator=R11
Change Component Designator: OldDesignator=R? NewDesignator=R12
Change Component Designator: OldDesignator=R? NewDesignator=R13
Change Component Designator: OldDesignator=R? NewDesignator=R18
Change Component Designator: OldDesignator=R? NewDesignator=R19
Change Component Designator: OldDesignator=R? NewDesignator=R20
Change Component Designator: OldDesignator=R? NewDesignator=R21
Change Component Designator: OldDesignator=R? NewDesignator=R24
Change Component Designator: OldDesignator=R? NewDesignator=R25
Change Component Designator: OldDesignator=R? NewDesignator=R26
Change Component Designator: OldDesignator=TP? NewDesignator=TP1
Change Component Designator: OldDesignator=TP? NewDesignator=TP2
Change Component Designator: OldDesignator=TP? NewDesignator=TP3
Change Component Designator: OldDesignator=TP? NewDesignator=TP4
Change Component Designator: OldDesignator=TP? NewDesignator=TP5
Change Component Designator: OldDesignator=TP? NewDesignator=TP6
Change Component Designator: OldDesignator=TP? NewDesignator=TP7
Change Component Designator: OldDesignator=TP? NewDesignator=TP8
Change Component Designator: OldDesignator=TP? NewDesignator=TP9
Change Component Designator: OldDesignator=TP? NewDesignator=TP10
Change Component Designator: OldDesignator=U? NewDesignator=U1
Change Component Designator: OldDesignator=U? NewDesignator=U2
Change Component Designator: OldDesignator=U? NewDesignator=U3
Change Component Designator: OldDesignator=U? NewDesignator=U4
Change Component Designator: OldDesignator=U? NewDesignator=U5
Change Component Designator: OldDesignator=U? NewDesignator=U6
Change Component Designator: OldDesignator=VT? NewDesignator=VT1
Change Component Designator: OldDesignator=VT? NewDesignator=VT2
Change Component Designator: OldDesignator=VT? NewDesignator=VT3
Change Component Designator: OldDesignator=VT? NewDesignator=VT4
Change Component Designator: OldDesignator=VT? NewDesignator=VT5
Added Component: Designator=R2(Vishay_CRCW0805-e3_IPC_A)
Add component (AddParameter): Name = "100k"; Value = ""; VariantName = "[No Variations]"
Added Component: Designator=R14(Vishay_CRCW0805-e3_IPC_A)
Add component (AddParameter): Name = "100k"; Value = ""; VariantName = "[No Variations]"
Added Component: Designator=R15(Vishay_CRCW0805-e3_IPC_A)
Add component (AddParameter): Name = "100k"; Value = ""; VariantName = "[No Variations]"
Added Component: Designator=R16(Vishay_CRCW0805-e3_IPC_A)
Add component (AddParameter): Name = "100k"; Value = ""; VariantName = "[No Variations]"
Added Pin To Net: NetName=+5 Pin=R2-1
Added Pin To Net: NetName=GND Pin=R14-1
Added Pin To Net: NetName=GND Pin=R15-1
Added Pin To Net: NetName=NetU?_11 Pin=R15-2
Added Pin To Net: NetName=GND Pin=R16-1
Added Pin To Net: NetName=NetU?_12 Pin=R16-2
Added Pin To Net: NetName=GND Pin=U2-13
Added Pin To Net: NetName=GND Pin=U4-13
Added Pin To Net: NetName=GND Pin=U5-13
Change Net Name : Old Net Name=NetB?_5 New Net Name=NetB1_5
Change Net Name : Old Net Name=NetB?_6 New Net Name=NetB2_6
Change Net Name : Old Net Name=NetB?_7 New Net Name=NetB2_7
Change Net Name : Old Net Name=NetBUZ?_2 New Net Name=NetBUZ1_2
Change Net Name : Old Net Name=NetC?_1 New Net Name=NetC3_1
Change Net Name : Old Net Name=NetD?_1 New Net Name=NetD1_1
Change Net Name : Old Net Name=NetLCD?_4 New Net Name=NetLCD1_4
Change Net Name : Old Net Name=NetLCD?_6 New Net Name=NetLCD1_6
Change Net Name : Old Net Name=NetLCD?_7 New Net Name=NetLCD1_7
Change Net Name : Old Net Name=NetLCD?_8 New Net Name=NetLCD1_8
Change Net Name : Old Net Name=NetLCD?_9 New Net Name=NetLCD1_9
Change Net Name : Old Net Name=NetLCD?_10 New Net Name=NetLCD1_10
Change Net Name : Old Net Name=NetLCD?_16 New Net Name=NetLCD1_16
Change Net Name : Old Net Name=NetQ?_1 New Net Name=NetQ11_1
Change Net Name : Old Net Name=NetQ?_2 New Net Name=NetQ10_2
Change Net Name : Old Net Name=NetR?_1 New Net Name=NetR24_1
Change Net Name : Old Net Name=NetR?_2 New Net Name=NetR24_2
Change Net Name : Old Net Name=NetU?_9 New Net Name=NetU2_14
Change Net Name : Old Net Name=NetU?_11 New Net Name=NetR15_2
Change Net Name : Old Net Name=NetU?_12 New Net Name=NetR16_2
Added Pin To Net: NetName=NetB1_6 Pin=B1-6
Added Pin To Net: NetName=NetB1_6 Pin=J1-3
Added Pin To Net: NetName=NetB1_6 Pin=Q7-3
Added Pin To Net: NetName=NetB1_6 Pin=Q9-2
Added Net: Name=NetB1_6
Added Pin To Net: NetName=NetB1_7 Pin=B1-7
Added Pin To Net: NetName=NetB1_7 Pin=R10-2
Added Net: Name=NetB1_7
Added Pin To Net: NetName=NetB2_5 Pin=B2-5
Added Pin To Net: NetName=NetB2_5 Pin=R13-2
Added Net: Name=NetB2_5
Added Pin To Net: NetName=NetBUZ1_1 Pin=BUZ1-1
Added Pin To Net: NetName=NetBUZ1_1 Pin=R2-2
Added Net: Name=NetBUZ1_1
Added Net: Name=NetC1_1
Added Net: Name=NetC1_2
Added Pin To Net: NetName=NetC2_1 Pin=C2-1
Added Net: Name=NetC2_1
Added Pin To Net: NetName=NetC2_2 Pin=C2-2
Added Net: Name=NetC2_2
Added Pin To Net: NetName=NetC3_2 Pin=C3-2
Added Pin To Net: NetName=NetC3_2 Pin=Q11-2
Added Pin To Net: NetName=NetC3_2 Pin=TP5-1
Added Net: Name=NetC3_2
Added Pin To Net: NetName=NetC4_2 Pin=C4-2
Added Pin To Net: NetName=NetC4_2 Pin=TP10-1
Added Pin To Net: NetName=NetC4_2 Pin=U6-5
Added Net: Name=NetC4_2
Added Pin To Net: NetName=NetLCD1_3 Pin=LCD1-3
Added Pin To Net: NetName=NetLCD1_3 Pin=VT1-3
Added Net: Name=NetLCD1_3
Added Pin To Net: NetName=NetLED1_1 Pin=LED1-1
Added Pin To Net: NetName=NetLED1_1 Pin=U2-7
Added Net: Name=NetLED1_1
Added Pin To Net: NetName=NetQ1_1 Pin=Q1-1
Added Pin To Net: NetName=NetQ1_1 Pin=R3-1
Added Pin To Net: NetName=NetQ1_1 Pin=R4-2
Added Net: Name=NetQ1_1
Added Pin To Net: NetName=NetQ1_3 Pin=Q1-3
Added Pin To Net: NetName=NetQ1_3 Pin=R1-2
Added Pin To Net: NetName=NetQ1_3 Pin=VT1-1
Added Net: Name=NetQ1_3
Added Pin To Net: NetName=NetQ2_1 Pin=Q2-1
Added Pin To Net: NetName=NetQ2_1 Pin=R5-1
Added Pin To Net: NetName=NetQ2_1 Pin=R6-2
Added Net: Name=NetQ2_1
Added Pin To Net: NetName=NetQ4_1 Pin=Q4-1
Added Pin To Net: NetName=NetQ4_1 Pin=R8-2
Added Pin To Net: NetName=NetQ4_1 Pin=R9-2
Added Net: Name=NetQ4_1
Added Pin To Net: NetName=NetQ4_3 Pin=Q4-3
Added Pin To Net: NetName=NetQ4_3 Pin=R7-2
Added Net: Name=NetQ4_3
Added Pin To Net: NetName=NetQ6_1 Pin=Q6-1
Added Pin To Net: NetName=NetQ6_1 Pin=R12-1
Added Net: Name=NetQ6_1
Added Pin To Net: NetName=NetQ7_1 Pin=Q7-1
Added Pin To Net: NetName=NetQ7_1 Pin=R10-1
Added Net: Name=NetQ7_1
Added Pin To Net: NetName=NetQ8_1 Pin=Q8-1
Added Pin To Net: NetName=NetQ8_1 Pin=R13-1
Added Net: Name=NetQ8_1
Added Pin To Net: NetName=NetQ9_1 Pin=Q9-1
Added Pin To Net: NetName=NetQ9_1 Pin=R11-1
Added Net: Name=NetQ9_1
Added Pin To Net: NetName=NetQ10_1 Pin=Q10-1
Added Pin To Net: NetName=NetQ10_1 Pin=R19-1
Added Pin To Net: NetName=NetQ10_1 Pin=TP2-1
Added Net: Name=NetQ10_1
Added Pin To Net: NetName=NetQ10_3 Pin=Q10-3
Added Pin To Net: NetName=NetQ10_3 Pin=Q11-3
Added Net: Name=NetQ10_3
Added Pin To Net: NetName=NetR3_2 Pin=R3-2
Added Net: Name=NetR3_2
Added Pin To Net: NetName=NetR5_2 Pin=R5-2
Added Pin To Net: NetName=NetR5_2 Pin=U2-15
Added Net: Name=NetR5_2
Added Pin To Net: NetName=NetR8_1 Pin=R8-1
Added Net: Name=NetR8_1
Added Pin To Net: NetName=NetR14_2 Pin=R14-2
Added Pin To Net: NetName=NetR14_2 Pin=U5-14
Added Net: Name=NetR14_2
Added Pin To Net: NetName=NetR18_1 Pin=R18-1
Added Pin To Net: NetName=NetR18_1 Pin=R21-2
Added Pin To Net: NetName=NetR18_1 Pin=TP3-1
Added Pin To Net: NetName=NetR18_1 Pin=VT2-1
Added Pin To Net: NetName=NetR18_1 Pin=VT3-1
Added Net: Name=NetR18_1
Added Pin To Net: NetName=NetR18_2 Pin=R18-2
Added Pin To Net: NetName=NetR18_2 Pin=TP4-1
Added Pin To Net: NetName=NetR18_2 Pin=U6-9
Added Net: Name=NetR18_2
Added Pin To Net: NetName=NetR19_2 Pin=R19-2
Added Pin To Net: NetName=NetR19_2 Pin=VT2-2
Added Pin To Net: NetName=NetR19_2 Pin=VT3-2
Added Net: Name=NetR19_2
Added Pin To Net: NetName=NetR23_1 Pin=U6-6
Added Net: Name=NetR23_1
Added Pin To Net: NetName=NetR25_2 Pin=R25-2
Added Pin To Net: NetName=NetR25_2 Pin=VT4-2
Added Pin To Net: NetName=NetR25_2 Pin=VT5-2
Added Net: Name=NetR25_2
Added Net: Name=NetT1_6
Added Net: Name=NetT1_10
Added Pin To Net: NetName=NetU4_14 Pin=U4-14
Added Pin To Net: NetName=NetU4_14 Pin=U5-9
Added Net: Name=NetU4_14
Added Member To Class: ClassName=Logger Member=Component B2 IR2101SPBF
Added Member To Class: ClassName=Logger Member=Component C1 Cap_Vishay_MAL219390101E3_eec
Added Member To Class: ClassName=Logger Member=Component C2 Cap_Vishay_MAL219390101E3_eec
Added Member To Class: ClassName=Logger Member=Component C3 100n
Added Member To Class: ClassName=Logger Member=Component C4 1000pF
Added Member To Class: ClassName=Logger Member=Component D1 1N4148W-7-F
Added Member To Class: ClassName=Logger Member=Component J2 691101710002
Added Member To Class: ClassName=Logger Member=Component P2 61900811021
Added Member To Class: ClassName=Logger Member=Component Q1 SBC847BLT1G
Added Member To Class: ClassName=Logger Member=Component Q2 SBC847BLT1G
Added Member To Class: ClassName=Logger Member=Component Q3 IRF740PBF
Added Member To Class: ClassName=Logger Member=Component Q5 IRF740PBF
Added Member To Class: ClassName=Logger Member=Component Q6 IRF740PBF
Added Member To Class: ClassName=Logger Member=Component Q7 IRF740PBF
Added Member To Class: ClassName=Logger Member=Component Q8 IRF740PBF
Added Member To Class: ClassName=Logger Member=Component Q9 IRF740PBF
Added Member To Class: ClassName=Logger Member=Component Q10 IRF740PBF
Added Member To Class: ClassName=Logger Member=Component Q11 IRF740PBF
Added Member To Class: ClassName=Logger Member=Component R1 10k
Added Member To Class: ClassName=Logger Member=Component R2 300
Added Member To Class: ClassName=Logger Member=Component R3 1k
Added Member To Class: ClassName=Logger Member=Component R4 10k
Added Member To Class: ClassName=Logger Member=Component R5 1k
Added Member To Class: ClassName=Logger Member=Component R6 10k
Added Member To Class: ClassName=Logger Member=Component R7 300
Added Member To Class: ClassName=Logger Member=Component R8 1k
Added Member To Class: ClassName=Logger Member=Component R9 10k
Added Member To Class: ClassName=Logger Member=Component R10 10
Added Member To Class: ClassName=Logger Member=Component R11 10
Added Member To Class: ClassName=Logger Member=Component R12 10
Added Member To Class: ClassName=Logger Member=Component R14 10k
Added Member To Class: ClassName=Logger Member=Component R15 10k
Added Member To Class: ClassName=Logger Member=Component R16 10k
Added Member To Class: ClassName=Logger Member=Component R18 22
Added Member To Class: ClassName=Logger Member=Component R19 22
Added Member To Class: ClassName=Logger Member=Component R20 22
Added Member To Class: ClassName=Logger Member=Component R21 10k
Added Member To Class: ClassName=Logger Member=Component R24 22
Added Member To Class: ClassName=Logger Member=Component R25 22
Added Member To Class: ClassName=Logger Member=Component R26 10k
Added Member To Class: ClassName=Logger Member=Component TP1 Test_Point_PCB
Added Member To Class: ClassName=Logger Member=Component TP2 Test_Point_PCB
Added Member To Class: ClassName=Logger Member=Component TP3 Test_Point_PCB
Added Member To Class: ClassName=Logger Member=Component TP5 Test_Point_PCB
Added Member To Class: ClassName=Logger Member=Component TP6 Test_Point_PCB
Added Member To Class: ClassName=Logger Member=Component TP7 Test_Point_PCB
Added Member To Class: ClassName=Logger Member=Component TP8 Test_Point_PCB
Added Member To Class: ClassName=Logger Member=Component TP9 Test_Point_PCB
Added Member To Class: ClassName=Logger Member=Component TP10 Test_Point_PCB
Added Member To Class: ClassName=Logger Member=Component U1 LT1117CST-5#PBF
Added Member To Class: ClassName=Logger Member=Component U2 MC74HC595ADG
Added Member To Class: ClassName=Logger Member=Component U3 STM32F405RGT6
Added Member To Class: ClassName=Logger Member=Component U4 MC74HC595ADG
Added Member To Class: ClassName=Logger Member=Component U6 TL494ID
Added Member To Class: ClassName=Logger Member=Component VT1 BC857
Added Member To Class: ClassName=Logger Member=Component VT2 PMBTA06
Added Member To Class: ClassName=Logger Member=Component VT3 MMBT2907
Added Member To Class: ClassName=Logger Member=Component VT5 MMBT2907
