Change Component Footprint: Designator=L3 Old Footprint=WE-PD2-L New Footprint=WE-PD2-L
Added Component: Designator=SW1(SW4_FSM-5P23_TEC)
Add component (AddParameter): Name = "Copyright"; Value = "Copyright (C) 2022 Ultra Librarian. All rights reserved."; VariantName = "[No Variations]"
Add component (AddParameter): Name = "Manufacturer_Part_Number"; Value = "4-1437565-2"; VariantName = "[No Variations]"
Add component (AddParameter): Name = "Mfr_Name"; Value = "TE Connectivity"; VariantName = "[No Variations]"
Add component (AddParameter): Name = "RefDes"; Value = "RefDes"; VariantName = "[No Variations]"
Add component (AddParameter): Name = "Type"; Value = "DEV"; VariantName = "[No Variations]"
Added Component: Designator=SW2(SW4_FSM-5P23_TEC)
Add component (AddParameter): Name = "Copyright"; Value = "Copyright (C) 2022 Ultra Librarian. All rights reserved."; VariantName = "[No Variations]"
Add component (AddParameter): Name = "Manufacturer_Part_Number"; Value = "4-1437565-2"; VariantName = "[No Variations]"
Add component (AddParameter): Name = "Mfr_Name"; Value = "TE Connectivity"; VariantName = "[No Variations]"
Add component (AddParameter): Name = "RefDes"; Value = "RefDes"; VariantName = "[No Variations]"
Add component (AddParameter): Name = "Type"; Value = "DEV"; VariantName = "[No Variations]"
Added Component: Designator=SW3(SW4_FSM-5P23_TEC)
Add component (AddParameter): Name = "Copyright"; Value = "Copyright (C) 2022 Ultra Librarian. All rights reserved."; VariantName = "[No Variations]"
Add component (AddParameter): Name = "Manufacturer_Part_Number"; Value = "4-1437565-2"; VariantName = "[No Variations]"
Add component (AddParameter): Name = "Mfr_Name"; Value = "TE Connectivity"; VariantName = "[No Variations]"
Add component (AddParameter): Name = "RefDes"; Value = "RefDes"; VariantName = "[No Variations]"
Add component (AddParameter): Name = "Type"; Value = "DEV"; VariantName = "[No Variations]"
Added Component: Designator=SW4(SW4_FSM-5P23_TEC)
Add component (AddParameter): Name = "Copyright"; Value = "Copyright (C) 2022 Ultra Librarian. All rights reserved."; VariantName = "[No Variations]"
Add component (AddParameter): Name = "Manufacturer_Part_Number"; Value = "4-1437565-2"; VariantName = "[No Variations]"
Add component (AddParameter): Name = "Mfr_Name"; Value = "TE Connectivity"; VariantName = "[No Variations]"
Add component (AddParameter): Name = "RefDes"; Value = "RefDes"; VariantName = "[No Variations]"
Add component (AddParameter): Name = "Type"; Value = "DEV"; VariantName = "[No Variations]"
Added Component: Designator=SW5(SW4_FSM-5P23_TEC)
Add component (AddParameter): Name = "Copyright"; Value = "Copyright (C) 2022 Ultra Librarian. All rights reserved."; VariantName = "[No Variations]"
Add component (AddParameter): Name = "Manufacturer_Part_Number"; Value = "4-1437565-2"; VariantName = "[No Variations]"
Add component (AddParameter): Name = "Mfr_Name"; Value = "TE Connectivity"; VariantName = "[No Variations]"
Add component (AddParameter): Name = "RefDes"; Value = "RefDes"; VariantName = "[No Variations]"
Add component (AddParameter): Name = "Type"; Value = "DEV"; VariantName = "[No Variations]"
Added Component: Designator=SW6(SW4_FSM-5P23_TEC)
Add component (AddParameter): Name = "Copyright"; Value = "Copyright (C) 2022 Ultra Librarian. All rights reserved."; VariantName = "[No Variations]"
Add component (AddParameter): Name = "Manufacturer_Part_Number"; Value = "4-1437565-2"; VariantName = "[No Variations]"
Add component (AddParameter): Name = "Mfr_Name"; Value = "TE Connectivity"; VariantName = "[No Variations]"
Add component (AddParameter): Name = "RefDes"; Value = "RefDes"; VariantName = "[No Variations]"
Add component (AddParameter): Name = "Type"; Value = "DEV"; VariantName = "[No Variations]"
Added Component: Designator=T1(Transformer)
Add component (AddParameter): Name = "Alternate Manufacturer"; Value = ""; VariantName = "[No Variations]"
Add component (AddParameter): Name = "Alternate PartNumber"; Value = ""; VariantName = "[No Variations]"
Add component (AddParameter): Name = "ComponentLink1Description"; Value = "Datasheet Link"; VariantName = "[No Variations]"
Add component (AddParameter): Name = "ComponentLink1URL"; Value = ""; VariantName = "[No Variations]"
Add component (AddParameter): Name = "CompType"; Value = "TRANSFORMER"; VariantName = "[No Variations]"
Add component (AddParameter): Name = "Manufacturer"; Value = "WURTH ELEKTRONIK"; VariantName = "[No Variations]"
Add component (AddParameter): Name = "MountType"; Value = "SMT"; VariantName = "[No Variations]"
Add component (AddParameter): Name = "PackageReference"; Value = ""; VariantName = "[No Variations]"
Add component (AddParameter): Name = "PartNumber"; Value = "750343584"; VariantName = "[No Variations]"
Add component (AddParameter): Name = "RoHS"; Value = "Y"; VariantName = "[No Variations]"
Add component (AddParameter): Name = "SymbolCreator"; Value = "x0199378"; VariantName = "[No Variations]"
Add component (AddParameter): Name = "SymbolVersion"; Value = "2017-05-10"; VariantName = "[No Variations]"
Added Pin To Net: NetName=+3,3V Pin=SW1-1
Added Pin To Net: NetName=+3,3V Pin=SW1-1
Added Pin To Net: NetName=+3,3V Pin=SW1-2
Added Pin To Net: NetName=+3,3V Pin=SW1-2
Added Pin To Net: NetName=NetR?_2 Pin=SW1-3
Added Pin To Net: NetName=NetR?_2 Pin=SW1-3
Added Pin To Net: NetName=NetR?_2 Pin=SW1-4
Added Pin To Net: NetName=NetR?_2 Pin=SW1-4
Added Pin To Net: NetName=+3,3V Pin=SW2-3
Added Pin To Net: NetName=+3,3V Pin=SW2-3
Added Pin To Net: NetName=+3,3V Pin=SW2-4
Added Pin To Net: NetName=+3,3V Pin=SW2-4
Added Pin To Net: NetName=+3,3V Pin=SW3-1
Added Pin To Net: NetName=+3,3V Pin=SW3-1
Added Pin To Net: NetName=+3,3V Pin=SW3-2
Added Pin To Net: NetName=+3,3V Pin=SW3-2
Added Pin To Net: NetName=NetR?_2 Pin=SW3-3
Added Pin To Net: NetName=NetR?_2 Pin=SW3-3
Added Pin To Net: NetName=NetR?_2 Pin=SW3-4
Added Pin To Net: NetName=NetR?_2 Pin=SW3-4
Added Pin To Net: NetName=+3,3V Pin=SW4-3
Added Pin To Net: NetName=+3,3V Pin=SW4-3
Added Pin To Net: NetName=+3,3V Pin=SW4-4
Added Pin To Net: NetName=+3,3V Pin=SW4-4
Added Pin To Net: NetName=+3,3V Pin=SW5-1
Added Pin To Net: NetName=+3,3V Pin=SW5-1
Added Pin To Net: NetName=+3,3V Pin=SW5-2
Added Pin To Net: NetName=+3,3V Pin=SW5-2
Added Pin To Net: NetName=NetR?_2 Pin=SW5-3
Added Pin To Net: NetName=NetR?_2 Pin=SW5-3
Added Pin To Net: NetName=NetR?_2 Pin=SW5-4
Added Pin To Net: NetName=NetR?_2 Pin=SW5-4
Added Pin To Net: NetName=+3,3V Pin=SW6-3
Added Pin To Net: NetName=+3,3V Pin=SW6-3
Added Pin To Net: NetName=+3,3V Pin=SW6-4
Added Pin To Net: NetName=+3,3V Pin=SW6-4
Added Pin To Net: NetName=NetT1_10 Pin=T1-10
Added Member To Class: ClassName=Logger Member=Component R? 10k
Added Member To Class: ClassName=Logger Member=Component R? 10k
Added Member To Class: ClassName=Logger Member=Component SW1 4-1437565-2
Added Member To Class: ClassName=Logger Member=Component SW2 4-1437565-2
Added Member To Class: ClassName=Logger Member=Component SW3 4-1437565-2
Added Member To Class: ClassName=Logger Member=Component SW4 4-1437565-2
Added Member To Class: ClassName=Logger Member=Component SW5 4-1437565-2
Added Member To Class: ClassName=Logger Member=Component SW6 4-1437565-2
Added Member To Class: ClassName=Logger Member=Component T1 750343584
