Removed Pin From Net: NetName=NetR?_2 Pin=R?-2
Removed Pin From Net: NetName=NetR?_2 Pin=R?-2
Removed Pin From Net: NetName=NetR?_2 Pin=SW1-3
Removed Pin From Net: NetName=NetR?_2 Pin=SW1-3
Removed Pin From Net: NetName=NetR?_2 Pin=SW1-4
Removed Pin From Net: NetName=NetR?_2 Pin=SW1-4
Removed Pin From Net: NetName=NetR?_2 Pin=SW5-3
Removed Pin From Net: NetName=NetR?_2 Pin=SW5-3
Removed Pin From Net: NetName=NetR?_2 Pin=SW5-4
Removed Pin From Net: NetName=NetR?_2 Pin=SW5-4
Change Component Designator: OldDesignator=R? NewDesignator=R35
Change Component Designator: OldDesignator=R? NewDesignator=R40
Change Component Designator: OldDesignator=R? NewDesignator=R43
Added Component: Designator=C9(KEMET_C0805C-DN_IPC_C)
Added Component: Designator=C10(KEMET_C0805C-DN_IPC_C)
Added Component: Designator=C11(KEMET_C0805C-DN_IPC_C)
Added Component: Designator=C12(KEMET_C0805C-DN_IPC_C)
Added Component: Designator=C13(KEMET_C0805C-DN_IPC_C)
Added Component: Designator=C14(KEMET_C0805C-DN_IPC_C)
Added Component: Designator=LED2(151031YS06000)
Add component (AddParameter): Name = "Arrow Part Number"; Value = ""; VariantName = "[No Variations]"
Add component (AddParameter): Name = "Arrow Price/Stock"; Value = ""; VariantName = "[No Variations]"
Add component (AddParameter): Name = "Datasheet Link"; Value = "https://katalog.we-online.de/led/datasheet/151031YS06000.pdf"; VariantName = "[No Variations]"
Add component (AddParameter): Name = "Height"; Value = "5.5mm"; VariantName = "[No Variations]"
Add component (AddParameter): Name = "Manufacturer_Name"; Value = "Wurth Elektronik"; VariantName = "[No Variations]"
Add component (AddParameter): Name = "Manufacturer_Part_Number"; Value = "151031YS06000"; VariantName = "[No Variations]"
Add component (AddParameter): Name = "Mouser Part Number"; Value = "710-151031YS06000"; VariantName = "[No Variations]"
Add component (AddParameter): Name = "Mouser Price/Stock"; Value = "https://www.mouser.co.uk/ProductDetail/Wurth-Elektronik/151031YS06000?qs=LlUlMxKIyB3xSYYW%252BcuBiQ%3D%3D"; VariantName = "[No Variations]"
Add component (AddParameter): Name = "Mouser Testing Part Number"; Value = ""; VariantName = "[No Variations]"
Add component (AddParameter): Name = "Mouser Testing Price/Stock"; Value = ""; VariantName = "[No Variations]"
Added Component: Designator=LED3(151031YS06000)
Add component (AddParameter): Name = "Arrow Part Number"; Value = ""; VariantName = "[No Variations]"
Add component (AddParameter): Name = "Arrow Price/Stock"; Value = ""; VariantName = "[No Variations]"
Add component (AddParameter): Name = "Datasheet Link"; Value = "https://katalog.we-online.de/led/datasheet/151031YS06000.pdf"; VariantName = "[No Variations]"
Add component (AddParameter): Name = "Height"; Value = "5.5mm"; VariantName = "[No Variations]"
Add component (AddParameter): Name = "Manufacturer_Name"; Value = "Wurth Elektronik"; VariantName = "[No Variations]"
Add component (AddParameter): Name = "Manufacturer_Part_Number"; Value = "151031YS06000"; VariantName = "[No Variations]"
Add component (AddParameter): Name = "Mouser Part Number"; Value = "710-151031YS06000"; VariantName = "[No Variations]"
Add component (AddParameter): Name = "Mouser Price/Stock"; Value = "https://www.mouser.co.uk/ProductDetail/Wurth-Elektronik/151031YS06000?qs=LlUlMxKIyB3xSYYW%252BcuBiQ%3D%3D"; VariantName = "[No Variations]"
Add component (AddParameter): Name = "Mouser Testing Part Number"; Value = ""; VariantName = "[No Variations]"
Add component (AddParameter): Name = "Mouser Testing Price/Stock"; Value = ""; VariantName = "[No Variations]"
Added Component: Designator=LED4(151031YS06000)
Add component (AddParameter): Name = "Arrow Part Number"; Value = ""; VariantName = "[No Variations]"
Add component (AddParameter): Name = "Arrow Price/Stock"; Value = ""; VariantName = "[No Variations]"
Add component (AddParameter): Name = "Datasheet Link"; Value = "https://katalog.we-online.de/led/datasheet/151031YS06000.pdf"; VariantName = "[No Variations]"
Add component (AddParameter): Name = "Height"; Value = "5.5mm"; VariantName = "[No Variations]"
Add component (AddParameter): Name = "Manufacturer_Name"; Value = "Wurth Elektronik"; VariantName = "[No Variations]"
Add component (AddParameter): Name = "Manufacturer_Part_Number"; Value = "151031YS06000"; VariantName = "[No Variations]"
Add component (AddParameter): Name = "Mouser Part Number"; Value = "710-151031YS06000"; VariantName = "[No Variations]"
Add component (AddParameter): Name = "Mouser Price/Stock"; Value = "https://www.mouser.co.uk/ProductDetail/Wurth-Elektronik/151031YS06000?qs=LlUlMxKIyB3xSYYW%252BcuBiQ%3D%3D"; VariantName = "[No Variations]"
Add component (AddParameter): Name = "Mouser Testing Part Number"; Value = ""; VariantName = "[No Variations]"
Add component (AddParameter): Name = "Mouser Testing Price/Stock"; Value = ""; VariantName = "[No Variations]"
Added Component: Designator=R34(Vishay_CRCW0805-e3_IPC_A)
Add component (AddParameter): Name = "100k"; Value = ""; VariantName = "[No Variations]"
Added Component: Designator=R36(Vishay_CRCW0805-e3_IPC_A)
Add component (AddParameter): Name = "100k"; Value = ""; VariantName = "[No Variations]"
Added Component: Designator=R37(Vishay_CRCW0805-e3_IPC_A)
Add component (AddParameter): Name = "100k"; Value = ""; VariantName = "[No Variations]"
Added Component: Designator=R38(Vishay_CRCW0805-e3_IPC_A)
Add component (AddParameter): Name = "100k"; Value = ""; VariantName = "[No Variations]"
Added Component: Designator=R39(Vishay_CRCW0805-e3_IPC_A)
Add component (AddParameter): Name = "100k"; Value = ""; VariantName = "[No Variations]"
Added Component: Designator=R41(Vishay_CRCW0805-e3_IPC_A)
Add component (AddParameter): Name = "100k"; Value = ""; VariantName = "[No Variations]"
Added Component: Designator=R42(Vishay_CRCW0805-e3_IPC_A)
Add component (AddParameter): Name = "100k"; Value = ""; VariantName = "[No Variations]"
Added Pin To Net: NetName=+3,3V Pin=C9-2
Added Pin To Net: NetName=+3,3V Pin=C10-1
Added Pin To Net: NetName=+3,3V Pin=C11-2
Added Pin To Net: NetName=+3,3V Pin=C12-1
Added Pin To Net: NetName=NetR?_2 Pin=C12-2
Added Pin To Net: NetName=+3,3V Pin=C13-2
Added Pin To Net: NetName=+3,3V Pin=C14-1
Added Pin To Net: NetName=GND Pin=LED1-2
Added Pin To Net: NetName=GND Pin=LED2-2
Added Pin To Net: NetName=GND Pin=LED3-2
Added Pin To Net: NetName=GND Pin=LED4-2
Added Pin To Net: NetName=GND Pin=R34-1
Added Pin To Net: NetName=GND Pin=R39-1
Added Pin To Net: NetName=GND Pin=R42-1
Change Net Name : Old Net Name=NetR?_2 New Net Name=NetC12_2
Added Pin To Net: NetName=NetC9_1 Pin=C9-1
Added Pin To Net: NetName=NetC9_1 Pin=R34-2
Added Pin To Net: NetName=NetC9_1 Pin=SW2-1
Added Pin To Net: NetName=NetC9_1 Pin=SW2-1
Added Pin To Net: NetName=NetC9_1 Pin=SW2-2
Added Pin To Net: NetName=NetC9_1 Pin=SW2-2
Added Net: Name=NetC9_1
Added Pin To Net: NetName=NetC10_2 Pin=C10-2
Added Pin To Net: NetName=NetC10_2 Pin=R35-2
Added Pin To Net: NetName=NetC10_2 Pin=SW1-3
Added Pin To Net: NetName=NetC10_2 Pin=SW1-3
Added Pin To Net: NetName=NetC10_2 Pin=SW1-4
Added Pin To Net: NetName=NetC10_2 Pin=SW1-4
Added Net: Name=NetC10_2
Added Pin To Net: NetName=NetC11_1 Pin=C11-1
Added Pin To Net: NetName=NetC11_1 Pin=R39-2
Added Pin To Net: NetName=NetC11_1 Pin=SW4-1
Added Pin To Net: NetName=NetC11_1 Pin=SW4-1
Added Pin To Net: NetName=NetC11_1 Pin=SW4-2
Added Pin To Net: NetName=NetC11_1 Pin=SW4-2
Added Net: Name=NetC11_1
Added Pin To Net: NetName=NetC13_1 Pin=C13-1
Added Pin To Net: NetName=NetC13_1 Pin=R42-2
Added Pin To Net: NetName=NetC13_1 Pin=SW6-1
Added Pin To Net: NetName=NetC13_1 Pin=SW6-1
Added Pin To Net: NetName=NetC13_1 Pin=SW6-2
Added Pin To Net: NetName=NetC13_1 Pin=SW6-2
Added Net: Name=NetC13_1
Added Pin To Net: NetName=NetC14_2 Pin=C14-2
Added Pin To Net: NetName=NetC14_2 Pin=R43-2
Added Pin To Net: NetName=NetC14_2 Pin=SW5-3
Added Pin To Net: NetName=NetC14_2 Pin=SW5-3
Added Pin To Net: NetName=NetC14_2 Pin=SW5-4
Added Pin To Net: NetName=NetC14_2 Pin=SW5-4
Added Net: Name=NetC14_2
Added Pin To Net: NetName=NetLED1_1 Pin=LED1-1
Added Pin To Net: NetName=NetLED1_1 Pin=R36-2
Added Net: Name=NetLED1_1
Added Pin To Net: NetName=NetLED2_1 Pin=LED2-1
Added Pin To Net: NetName=NetLED2_1 Pin=R37-2
Added Net: Name=NetLED2_1
Added Pin To Net: NetName=NetLED3_1 Pin=LED3-1
Added Pin To Net: NetName=NetLED3_1 Pin=R38-2
Added Net: Name=NetLED3_1
Added Pin To Net: NetName=NetLED4_1 Pin=LED4-1
Added Pin To Net: NetName=NetLED4_1 Pin=R41-2
Added Net: Name=NetLED4_1
Added Pin To Net: NetName=NetR36_1 Pin=R36-1
Added Pin To Net: NetName=NetR36_1 Pin=U4-15
Added Net: Name=NetR36_1
Added Pin To Net: NetName=NetR37_1 Pin=R37-1
Added Pin To Net: NetName=NetR37_1 Pin=U4-1
Added Net: Name=NetR37_1
Added Pin To Net: NetName=NetR38_1 Pin=R38-1
Added Pin To Net: NetName=NetR38_1 Pin=U4-2
Added Net: Name=NetR38_1
Added Pin To Net: NetName=NetR41_1 Pin=R41-1
Added Pin To Net: NetName=NetR41_1 Pin=U4-3
Added Net: Name=NetR41_1
Added Member To Class: ClassName=Logger Member=Component C9 0,1uF
Added Member To Class: ClassName=Logger Member=Component C10 0,1uF
Added Member To Class: ClassName=Logger Member=Component C11 0,1uF
Added Member To Class: ClassName=Logger Member=Component C12 0,1uF
Added Member To Class: ClassName=Logger Member=Component C13 0,1uF
Added Member To Class: ClassName=Logger Member=Component C14 0,1uF
Added Member To Class: ClassName=Logger Member=Component LED2 151031YS06000
Added Member To Class: ClassName=Logger Member=Component LED3 151031YS06000
Added Member To Class: ClassName=Logger Member=Component LED4 151031YS06000
Added Member To Class: ClassName=Logger Member=Component R34 10k
Added Member To Class: ClassName=Logger Member=Component R36 300
Added Member To Class: ClassName=Logger Member=Component R37 300
Added Member To Class: ClassName=Logger Member=Component R38 300
Added Member To Class: ClassName=Logger Member=Component R39 10k
Added Member To Class: ClassName=Logger Member=Component R40 10k
Added Member To Class: ClassName=Logger Member=Component R41 300
Added Member To Class: ClassName=Logger Member=Component R42 10k
Added Member To Class: ClassName=Logger Member=Component R43 10k
