Removed Pin From Net: NetName=RED Pin=X2-2
Removed Pin From Net: NetName=GREEN Pin=X2-3
Removed Pin From Net: NetName=BLUE Pin=X2-4
Change Component Comment : Designator=R2 Old Comment=100 New Comment=330
Change Component Comment : Designator=R3 Old Comment=100 New Comment=330
Change Component Comment : Designator=R4 Old Comment=100 New Comment=330
Add Component: Footprint Not Found SOT23-6
Added Component: Designator=R21(RES-0805)
Added Component: Designator=R22(RES-0805)
Added Component: Designator=R23(RES-0805)
Added Component: Designator=R24(RES-0805)
Added Component: Designator=R25(RES-0805)
Added Component: Designator=R26(RES-0805)
Added Component: Designator=VT4(SOT23-3)
Added Component: Designator=VT5(SOT23-3)
Added Component: Designator=VT6(SOT23-3)
Add Pin To Net: Unknown Pin: Pin DA2-1
Add Pin To Net: Unknown Pin: Pin DA2-2
Add Pin To Net: Unknown Pin: Pin DA2-3
Add Pin To Net: Unknown Pin: Pin DA2-5
Added Pin To Net: NetName=LED_G Pin=R21-2
Added Pin To Net: NetName=LED_R Pin=R22-2
Added Pin To Net: NetName=LED_B Pin=R23-2
Added Pin To Net: NetName=GND Pin=R24-2
Added Pin To Net: NetName=GND Pin=R25-2
Added Pin To Net: NetName=GND Pin=R26-2
Added Pin To Net: NetName=GND Pin=VT4-2
Added Pin To Net: NetName=GND Pin=VT5-2
Added Pin To Net: NetName=GND Pin=VT6-2
Added Pin To Net: NetName=BLUE_1 Pin=VT6-3
Added Pin To Net: NetName=BLUE_1 Pin=X2-4
Added Net: Name=BLUE_1
Added Pin To Net: NetName=GREEN_1 Pin=VT5-3
Added Pin To Net: NetName=GREEN_1 Pin=X2-3
Added Net: Name=GREEN_1
Added Pin To Net: NetName=NetR21_1 Pin=R21-1
Added Pin To Net: NetName=NetR21_1 Pin=R25-1
Added Pin To Net: NetName=NetR21_1 Pin=VT5-1
Added Net: Name=NetR21_1
Added Pin To Net: NetName=NetR22_1 Pin=R22-1
Added Pin To Net: NetName=NetR22_1 Pin=R24-1
Added Pin To Net: NetName=NetR22_1 Pin=VT4-1
Added Net: Name=NetR22_1
Added Pin To Net: NetName=NetR23_1 Pin=R23-1
Added Pin To Net: NetName=NetR23_1 Pin=R26-1
Added Pin To Net: NetName=NetR23_1 Pin=VT6-1
Added Net: Name=NetR23_1
Added Pin To Net: NetName=RED_1 Pin=VT4-3
Added Pin To Net: NetName=RED_1 Pin=X2-2
Added Net: Name=RED_1
