Change Component Comment : Designator=C5 Old Comment=0.1uF New Comment=100nF
Change Component Comment : Designator=R7 Old Comment=1K New Comment=10K
Change Component Comment : Designator=R8 Old Comment=1K New Comment=10K
Change Component Comment : Designator=R9 Old Comment=1K New Comment=10K
Added Component: Designator=A1(CA-C03)
Added Component: Designator=C6(CAP-0805)
Added Component: Designator=C7(CAP-0805)
Added Component: Designator=C8(CAP-0805)
Added Component: Designator=C9(CAP-0805)
Added Component: Designator=C10(CAP-0805)
Added Component: Designator=C11(CAP-0805)
Added Component: Designator=C12(CAP-0805)
Added Component: Designator=C13(CAP-0805)
Added Component: Designator=C14(CAP-0805)
Added Component: Designator=C15(CAP-0805)
Added Component: Designator=C16(CAP-0805)
Added Component: Designator=C17(CAP-0805)
Added Component: Designator=C18(CAP-0402)
Added Component: Designator=C19(CAP-0805)
Added Component: Designator=C20(CAP-0402)
Added Component: Designator=C21(CAP-0805)
Added Component: Designator=C22(CAP-0805)
Added Component: Designator=C23(CAP-0805)
Added Component: Designator=C24(CAP-0805)
Added Component: Designator=C25(CAP-0805)
Added Component: Designator=C26(CAP-0805)
Added Component: Designator=C27(CAP-0805)
Added Component: Designator=C28(CAP-0805)
Added Component: Designator=C29(CAP-0805)
Added Component: Designator=C30(CAP-0805)
Added Component: Designator=DA1(SOT23-5)
Add Component: Footprint Not Found SOT23-6
Added Component: Designator=DD5(TYPE-C-D-231__KLS1-5463)
Added Component: Designator=DD6(TS3USB221)
Added Component: Designator=DD7(QFN-32 (5x5))
Added Component: Designator=DD8(WQFN-24)
Added Component: Designator=L1(SND_0504)
Added Component: Designator=L2(SND_0504)
Added Component: Designator=Q1(OSC-QSMD3.2x2.5x1.0)
Added Component: Designator=R10(RES-0201)
Added Component: Designator=R11(RES-0201)
Added Component: Designator=R12(RES-0201)
Added Component: Designator=R13(RES-0201)
Added Component: Designator=R14(RES-0201)
Added Component: Designator=R15(RES-0201)
Added Component: Designator=R16(RES-0201)
Added Component: Designator=R17(RES-0201)
Added Component: Designator=R18(RES-0201)
Added Component: Designator=R19(RES-0201)
Added Component: Designator=R20(RES-0201)
Added Component: Designator=VD1(DO-214AC, SMA)
Added Component: Designator=VD2(DO-214AC, SMA)
Added Pin To Net: NetName=GND Pin=C6-2
Added Pin To Net: NetName=GND Pin=C7-1
Added Pin To Net: NetName=3V3 Pin=C7-2
Added Pin To Net: NetName=GND Pin=C8-1
Added Pin To Net: NetName=3V3 Pin=C8-2
Added Pin To Net: NetName=GND Pin=C9-1
Added Pin To Net: NetName=3V3 Pin=C9-2
Added Pin To Net: NetName=GND Pin=C10-2
Added Pin To Net: NetName=3V3 Pin=C12-1
Added Pin To Net: NetName=GND Pin=C12-2
Added Pin To Net: NetName=GND Pin=C13-2
Added Pin To Net: NetName=GND Pin=C14-1
Added Pin To Net: NetName=3V3 Pin=C14-2
Added Pin To Net: NetName=3V3 Pin=C15-1
Added Pin To Net: NetName=GND Pin=C15-2
Added Pin To Net: NetName=3V3 Pin=C16-1
Added Pin To Net: NetName=GND Pin=C16-2
Added Pin To Net: NetName=GND Pin=C17-1
Added Pin To Net: NetName=3V3 Pin=C17-2
Added Pin To Net: NetName=GND Pin=C18-1
Added Pin To Net: NetName=GND Pin=C19-1
Added Pin To Net: NetName=GND Pin=C20-1
Added Pin To Net: NetName=GND Pin=C22-1
Added Pin To Net: NetName=BAT Pin=C22-2
Added Pin To Net: NetName=GND Pin=C23-1
Added Pin To Net: NetName=GND Pin=C24-1
Added Pin To Net: NetName=GND Pin=C25-1
Added Pin To Net: NetName=GND Pin=C26-2
Added Pin To Net: NetName=+5 Pin=C27-1
Added Pin To Net: NetName=GND Pin=C27-2
Added Pin To Net: NetName=3V3 Pin=C28-1
Added Pin To Net: NetName=GND Pin=C28-2
Added Pin To Net: NetName=+5 Pin=C29-1
Added Pin To Net: NetName=GND Pin=C29-2
Added Pin To Net: NetName=+5 Pin=C30-1
Added Pin To Net: NetName=GND Pin=C30-2
Added Pin To Net: NetName=+5 Pin=DA1-1
Added Pin To Net: NetName=GND Pin=DA1-2
Added Pin To Net: NetName=+5 Pin=DA1-3
Added Pin To Net: NetName=3V3 Pin=DA1-5
Add Pin To Net: Unknown Pin: Pin DA2-2
Added Pin To Net: NetName=GND Pin=DD5-1
Added Pin To Net: NetName=GND Pin=DD5-12
Added Pin To Net: NetName=GND Pin=DD5-12
Added Pin To Net: NetName=GND Pin=DD5-12
Added Pin To Net: NetName=GND Pin=DD5-12
Added Pin To Net: NetName=GND Pin=DD5-12
Added Pin To Net: NetName=GND Pin=DD6-5
Added Pin To Net: NetName=3V3 Pin=DD6-10
Added Pin To Net: NetName=3V3 Pin=DD7-2
Added Pin To Net: NetName=3V3 Pin=DD7-3
Added Pin To Net: NetName=3V3 Pin=DD7-11
Added Pin To Net: NetName=RX_0 Pin=DD7-15
Added Pin To Net: NetName=TX_0 Pin=DD7-16
Added Pin To Net: NetName=3V3 Pin=DD7-17
Added Pin To Net: NetName=3V3 Pin=DD7-31
Added Pin To Net: NetName=3V3 Pin=DD7-32
Added Pin To Net: NetName=GND Pin=DD7-33
Added Pin To Net: NetName=SCL Pin=DD8-5
Added Pin To Net: NetName=SDA Pin=DD8-6
Added Pin To Net: NetName=GND Pin=DD8-9
Added Pin To Net: NetName=BAT Pin=DD8-13
Added Pin To Net: NetName=BAT Pin=DD8-14
Added Pin To Net: NetName=GND Pin=DD8-17
Added Pin To Net: NetName=GND Pin=DD8-18
Added Pin To Net: NetName=GND Pin=Q1-2
Added Pin To Net: NetName=GND Pin=Q1-4
Added Pin To Net: NetName=3V3 Pin=R10-2
Added Pin To Net: NetName=GND Pin=R11-1
Added Pin To Net: NetName=3V3 Pin=R12-1
Added Pin To Net: NetName=GND Pin=R13-1
Added Pin To Net: NetName=GND Pin=R14-2
Added Pin To Net: NetName=GND Pin=R16-1
Added Pin To Net: NetName=3V3 Pin=R17-2
Added Pin To Net: NetName=GND Pin=R18-1
Added Pin To Net: NetName=+5 Pin=R19-2
Added Pin To Net: NetName=GND Pin=R20-1
Added Pin To Net: NetName=+5 Pin=VD2-1
Added Pin To Net: NetName=D1+ Pin=DD6-1
Added Pin To Net: NetName=D1+ Pin=DD8-2
Added Net: Name=D1+
Added Pin To Net: NetName=D1- Pin=DD6-2
Added Pin To Net: NetName=D1- Pin=DD8-3
Added Net: Name=D1-
Added Pin To Net: NetName=D2+ Pin=DD6-3
Added Pin To Net: NetName=D2+ Pin=DD7-26
Added Net: Name=D2+
Added Pin To Net: NetName=D2- Pin=DD6-4
Added Pin To Net: NetName=D2- Pin=DD7-25
Added Net: Name=D2-
Added Pin To Net: NetName=D+ Pin=DD5-6
Added Pin To Net: NetName=D+ Pin=DD5-8
Added Pin To Net: NetName=D+ Pin=DD6-8
Added Net: Name=D+
Added Pin To Net: NetName=D- Pin=DD5-5
Added Pin To Net: NetName=D- Pin=DD5-7
Added Pin To Net: NetName=D- Pin=DD6-7
Added Net: Name=D-
Added Pin To Net: NetName=ESP_EN Pin=C6-1
Added Pin To Net: NetName=ESP_EN Pin=DD7-7
Added Pin To Net: NetName=ESP_EN Pin=R10-1
Added Net: Name=ESP_EN
Added Pin To Net: NetName=GPIO_0 Pin=DD7-4
Added Net: Name=GPIO_0
Added Pin To Net: NetName=GPIO_1 Pin=DD7-5
Added Net: Name=GPIO_1
Added Pin To Net: NetName=GPIO_2 Pin=DD7-6
Added Pin To Net: NetName=GPIO_2 Pin=R12-2
Added Net: Name=GPIO_2
Added Pin To Net: NetName=GPIO_3 Pin=DD7-8
Added Net: Name=GPIO_3
Added Pin To Net: NetName=GPIO_4 Pin=DD7-9
Added Net: Name=GPIO_4
Added Pin To Net: NetName=GPIO_5 Pin=DD7-10
Added Net: Name=GPIO_5
Added Pin To Net: NetName=GPIO_6 Pin=DD7-12
Added Net: Name=GPIO_6
Added Pin To Net: NetName=GPIO_7 Pin=DD7-13
Added Net: Name=GPIO_7
Added Pin To Net: NetName=GPIO_8 Pin=DD7-14
Added Net: Name=GPIO_8
Added Pin To Net: NetName=GPIO_12 Pin=DD7-19
Added Net: Name=GPIO_12
Added Pin To Net: NetName=GPIO_13 Pin=DD7-18
Added Pin To Net: NetName=GPIO_13 Pin=DD7-20
Added Net: Name=GPIO_13
Added Pin To Net: NetName=GPIO_14 Pin=DD7-21
Added Net: Name=GPIO_14
Added Pin To Net: NetName=GPIO_15 Pin=DD7-22
Added Net: Name=GPIO_15
Added Pin To Net: NetName=GPIO_16 Pin=DD7-23
Added Net: Name=GPIO_16
Added Pin To Net: NetName=GPIO_17 Pin=DD7-24
Added Net: Name=GPIO_17
Added Pin To Net: NetName=GPIO_20 Pin=DD7-27
Added Net: Name=GPIO_20
Added Pin To Net: NetName=GPIO_21 Pin=DD7-28
Added Net: Name=GPIO_21
Added Pin To Net: NetName=NetA1_1 Pin=A1-1
Added Pin To Net: NetName=NetA1_1 Pin=C10-1
Added Pin To Net: NetName=NetA1_1 Pin=C11-1
Added Net: Name=NetA1_1
Added Pin To Net: NetName=NetC11_2 Pin=C11-2
Added Pin To Net: NetName=NetC11_2 Pin=C13-1
Added Pin To Net: NetName=NetC11_2 Pin=DD7-1
Added Net: Name=NetC11_2
Added Pin To Net: NetName=NetC18_2 Pin=C18-2
Added Pin To Net: NetName=NetC18_2 Pin=DD7-29
Added Pin To Net: NetName=NetC18_2 Pin=Q1-1
Added Net: Name=NetC18_2
Added Pin To Net: NetName=NetC20_2 Pin=C20-2
Added Pin To Net: NetName=NetC20_2 Pin=DD7-30
Added Pin To Net: NetName=NetC20_2 Pin=Q1-3
Added Net: Name=NetC20_2
Added Pin To Net: NetName=NetC21_1 Pin=C21-1
Added Pin To Net: NetName=NetC21_1 Pin=DD8-19
Added Pin To Net: NetName=NetC21_1 Pin=DD8-20
Added Pin To Net: NetName=NetC21_1 Pin=L1-1
Added Net: Name=NetC21_1
Added Pin To Net: NetName=NetC21_2 Pin=C21-2
Added Pin To Net: NetName=NetC21_2 Pin=DD8-21
Added Net: Name=NetC21_2
Added Pin To Net: NetName=NetC24_2 Pin=C24-2
Added Pin To Net: NetName=NetC24_2 Pin=C25-2
Added Pin To Net: NetName=NetC24_2 Pin=DD8-15
Added Pin To Net: NetName=NetC24_2 Pin=DD8-16
Added Pin To Net: NetName=NetC24_2 Pin=L1-2
Added Net: Name=NetC24_2
Added Pin To Net: NetName=NetC26_1 Pin=C26-1
Added Pin To Net: NetName=NetC26_1 Pin=L2-1
Added Net: Name=NetC26_1
Added Pin To Net: NetName=NetDA2_1 Pin=L2-2
Added Pin To Net: NetName=NetDA2_1 Pin=VD2-2
Added Net: Name=NetDA2_1
Added Pin To Net: NetName=NetDA2_3 Pin=R19-1
Added Pin To Net: NetName=NetDA2_3 Pin=R20-2
Added Net: Name=NetDA2_3
Added Pin To Net: NetName=NetDD5_4 Pin=DD5-4
Added Pin To Net: NetName=NetDD5_4 Pin=R11-2
Added Net: Name=NetDD5_4
Added Pin To Net: NetName=NetDD5_10 Pin=DD5-10
Added Pin To Net: NetName=NetDD5_10 Pin=R14-1
Added Net: Name=NetDD5_10
Added Pin To Net: NetName=NetDD6_6 Pin=DD6-6
Added Pin To Net: NetName=NetDD6_6 Pin=R13-2
Added Net: Name=NetDD6_6
Added Pin To Net: NetName=NetDD8_10 Pin=DD8-10
Added Pin To Net: NetName=NetDD8_10 Pin=R18-2
Added Net: Name=NetDD8_10
Added Pin To Net: NetName=NetDD8_11 Pin=DD8-11
Added Pin To Net: NetName=NetDD8_11 Pin=R15-1
Added Pin To Net: NetName=NetDD8_11 Pin=R16-2
Added Net: Name=NetDD8_11
Added Pin To Net: NetName=REGN Pin=C23-2
Added Pin To Net: NetName=REGN Pin=DD8-22
Added Pin To Net: NetName=REGN Pin=R15-2
Added Net: Name=REGN
Added Pin To Net: NetName=STAT Pin=DD8-4
Added Pin To Net: NetName=STAT Pin=R17-1
Added Net: Name=STAT
Added Pin To Net: NetName=USB_SET Pin=DD6-9
Added Net: Name=USB_SET
Added Pin To Net: NetName=VBUS Pin=C19-2
Added Pin To Net: NetName=VBUS Pin=DD5-2
Added Pin To Net: NetName=VBUS Pin=DD5-11
Added Pin To Net: NetName=VBUS Pin=DD8-1
Added Net: Name=VBUS
