Added Component: Designator=DD1(esp32-c3 mini)
Added Component: Designator=DD3(JY31N)
Add Component: Footprint Not Found XB7608A
Added Pin To Net: NetName=RX_0 Pin=DD1-5
Added Pin To Net: NetName=TX_0 Pin=DD1-6
Added Pin To Net: NetName=RX_1 Pin=DD1-7
Added Pin To Net: NetName=TX_1 Pin=DD1-8
Added Pin To Net: NetName=LED_R Pin=DD1-11
Added Pin To Net: NetName=LED_G Pin=DD1-12
Added Pin To Net: NetName=LED_B Pin=DD1-13
Added Pin To Net: NetName=3V3 Pin=DD1-14
Added Pin To Net: NetName=GND Pin=DD1-15
Added Pin To Net: NetName=+5 Pin=DD1-16
Added Pin To Net: NetName=3V3 Pin=DD3-2
Added Pin To Net: NetName=TX_0 Pin=DD3-3
Added Pin To Net: NetName=RX_0 Pin=DD3-4
Added Pin To Net: NetName=GND Pin=DD3-5
Added Pin To Net: NetName=GND Pin=DD3-8
Added Pin To Net: NetName=3V3 Pin=DD3-11
Add Pin To Net: Unknown Pin: Pin DD4-1
Add Pin To Net: Unknown Pin: Pin DD4-2
Add Pin To Net: Unknown Pin: Pin DD4-3
Add Pin To Net: Unknown Pin: Pin DD4-4
Add Pin To Net: Unknown Pin: Pin DD4-5
Add Pin To Net: Unknown Pin: Pin X1-1
Add Pin To Net: Unknown Pin: Pin X1-2
Add Pin To Net: Unknown Pin: Pin X1-3
Add Pin To Net: Unknown Pin: Pin X1-4
Add Pin To Net: Unknown Pin: Pin X2-1
Add Pin To Net: Unknown Pin: Pin X2-2
Add Pin To Net: Unknown Pin: Pin X2-3
Add Pin To Net: Unknown Pin: Pin X2-4
