Added Component: Designator=C1(CAP-0805)
Added Component: Designator=C2(CAP-0805)
Added Component: Designator=C3(CAP-0805)
Added Component: Designator=C4(CAP-0805)
Added Component: Designator=C5(CAP-0805)
Add Component: Footprint Not Found esp32-c3 mini
Added Component: Designator=DD2(MPU6050)
Add Component: Footprint Not Found JY31N
Add Component: Footprint Not Found XB7608A
Added Component: Designator=R1(RES-0805)
Added Component: Designator=R2(RES-0805)
Added Component: Designator=R3(RES-0805)
Added Component: Designator=R4(RES-0805)
Added Component: Designator=R5(RES-0805)
Added Component: Designator=R6(RES-0805)
Added Component: Designator=R7(RES-0805)
Added Component: Designator=R8(RES-0805)
Added Component: Designator=R9(RES-0805)
Added Component: Designator=VT1(SOT23-3)
Added Component: Designator=VT2(SOT23-3)
Added Component: Designator=VT3(SOT23-3)
Added Pin To Net: NetName=NetR18_2 Pin=C1-1
Added Pin To Net: NetName=GND Pin=C1-2
Added Pin To Net: NetName=GND Pin=C2-1
Added Pin To Net: NetName=+5 Pin=C2-2
Added Pin To Net: NetName=NetR18_2 Pin=C3-1
Added Pin To Net: NetName=GND Pin=C3-2
Added Pin To Net: NetName=NetR11_2 Pin=C4-1
Added Pin To Net: NetName=NetR5_2 Pin=C4-2
Added Pin To Net: NetName=GND Pin=C5-1
Added Pin To Net: NetName=NetR18_2 Pin=C5-2
Add Pin To Net: Unknown Pin: Pin DD1-5
Add Pin To Net: Unknown Pin: Pin DD1-6
Add Pin To Net: Unknown Pin: Pin DD1-7
Add Pin To Net: Unknown Pin: Pin DD1-8
Add Pin To Net: Unknown Pin: Pin DD1-11
Add Pin To Net: Unknown Pin: Pin DD1-12
Add Pin To Net: Unknown Pin: Pin DD1-13
Add Pin To Net: Unknown Pin: Pin DD1-14
Add Pin To Net: Unknown Pin: Pin DD1-15
Add Pin To Net: Unknown Pin: Pin DD1-16
Added Pin To Net: NetName=NetD2_2 Pin=DD2-5
Added Pin To Net: NetName=NetDD1_1 Pin=DD2-6
Added Pin To Net: NetName=GND Pin=DD2-7
Added Pin To Net: NetName=+5 Pin=DD2-8
Add Pin To Net: Unknown Pin: Pin DD3-2
Add Pin To Net: Unknown Pin: Pin DD3-3
Add Pin To Net: Unknown Pin: Pin DD3-4
Add Pin To Net: Unknown Pin: Pin DD3-5
Add Pin To Net: Unknown Pin: Pin DD3-8
Add Pin To Net: Unknown Pin: Pin DD3-11
Add Pin To Net: Unknown Pin: Pin DD4-1
Add Pin To Net: Unknown Pin: Pin DD4-2
Add Pin To Net: Unknown Pin: Pin DD4-3
Add Pin To Net: Unknown Pin: Pin DD4-4
Add Pin To Net: Unknown Pin: Pin DD4-5
Added Pin To Net: NetName=NetR16_2 Pin=R1-1
Added Pin To Net: NetName=NetR5_2 Pin=R1-2
Added Pin To Net: NetName=NetR4_2 Pin=R2-1
Added Pin To Net: NetName=NetR7_2 Pin=R2-2
Added Pin To Net: NetName=NetR3_1 Pin=R3-1
Added Pin To Net: NetName=NetR6_1 Pin=R3-2
Added Pin To Net: NetName=NetR2_2 Pin=R4-1
Added Pin To Net: NetName=NetR8_1 Pin=R4-2
Added Pin To Net: NetName=NetD2_2 Pin=R5-1
Added Pin To Net: NetName=+5 Pin=R5-2
Added Pin To Net: NetName=NetDD1_1 Pin=R6-1
Added Pin To Net: NetName=+5 Pin=R6-2
Added Pin To Net: NetName=NetR3_1 Pin=R7-1
Added Pin To Net: NetName=GND Pin=R7-2
Added Pin To Net: NetName=NetR4_2 Pin=R8-1
Added Pin To Net: NetName=GND Pin=R8-2
Added Pin To Net: NetName=NetR2_2 Pin=R9-1
Added Pin To Net: NetName=GND Pin=R9-2
Added Pin To Net: NetName=NetR3_1 Pin=VT1-1
Added Pin To Net: NetName=GND Pin=VT1-2
Added Pin To Net: NetName=NetR1_1 Pin=VT1-3
Added Pin To Net: NetName=NetR4_2 Pin=VT2-1
Added Pin To Net: NetName=GND Pin=VT2-2
Added Pin To Net: NetName=NetR8_2 Pin=VT2-3
Added Pin To Net: NetName=NetR2_2 Pin=VT3-1
Added Pin To Net: NetName=GND Pin=VT3-2
Added Pin To Net: NetName=NetR10_2 Pin=VT3-3
Add Pin To Net: Unknown Pin: Pin X1-1
Add Pin To Net: Unknown Pin: Pin X1-2
Add Pin To Net: Unknown Pin: Pin X1-3
Add Pin To Net: Unknown Pin: Pin X1-4
Add Pin To Net: Unknown Pin: Pin X2-1
Add Pin To Net: Unknown Pin: Pin X2-2
Add Pin To Net: Unknown Pin: Pin X2-3
Add Pin To Net: Unknown Pin: Pin X2-4
Change Net Name : Old Net Name=GATE New Net Name=TX_1
Change Net Name : Old Net Name=NetD1_2 New Net Name=TX_0
Change Net Name : Old Net Name=NetD2_2 New Net Name=SDA
Change Net Name : Old Net Name=NetDD1_1 New Net Name=SCL
Change Net Name : Old Net Name=NetDD1_3 New Net Name=RX_1
Change Net Name : Old Net Name=NetDD1_5 New Net Name=RX_0
Change Net Name : Old Net Name=NetR1_1 New Net Name=RED
Change Net Name : Old Net Name=NetR2_2 New Net Name=NetR4_1
Change Net Name : Old Net Name=NetR4_2 New Net Name=NetR2_1
Change Net Name : Old Net Name=NetR5_2 New Net Name=NetC4_2
Change Net Name : Old Net Name=NetR6_1 New Net Name=LED_R
Change Net Name : Old Net Name=NetR7_2 New Net Name=LED_G
Change Net Name : Old Net Name=NetR8_1 New Net Name=LED_B
Change Net Name : Old Net Name=NetR8_2 New Net Name=GREEN
Change Net Name : Old Net Name=NetR10_2 New Net Name=BLUE
Change Net Name : Old Net Name=NetR11_2 New Net Name=BAT_GND
Change Net Name : Old Net Name=NetR16_2 New Net Name=BAT
Change Net Name : Old Net Name=NetR18_2 New Net Name=3V3
